<?xml version="1.0" encoding="UTF-8"?>
<!-- Generated by org.testng.reporters.JUnitXMLReporter -->
<testsuite ignored="0" hostname="NagarajuSalla" failures="0" tests="12" name="ChromeTest" time="0.259" errors="0" timestamp="2024-10-28T15:33:08 IST">
  <testcase classname="com.DomsEpson.ProductTest.WomensProductTest" name="addProduct" time="0.022"/>
  <testcase classname="com.DomsEpson.ProductTest.WomensProductTest" name="removeProduct" time="0.012"/>
  <testcase classname="com.DomsEpson.ProductTest.WomensProductTest" name="updateProduct" time="0.011"/>
  <testcase classname="com.DomsEpson.ProductTest.KidsproductTest" name="addProduct" time="0.003"/>
  <testcase classname="com.DomsEpson.ProductTest.KidsproductTest" name="removeProduct" time="0.003"/>
  <testcase classname="com.DomsEpson.ProductTest.KidsproductTest" name="updateProduct" time="0.007"/>
  <testcase classname="com.DomsEpson.ProductTest.ElectronicProductTest" name="addProduct" time="0.01"/>
  <testcase classname="com.DomsEpson.ProductTest.ElectronicProductTest" name="removeProduct" time="0.002"/>
  <testcase classname="com.DomsEpson.ProductTest.ElectronicProductTest" name="updateProduct" time="0.004"/>
  <testcase classname="com.DomsEpson.ProductTest.MensProductTest" name="addProduct" time="0.005"/>
  <testcase classname="com.DomsEpson.ProductTest.MensProductTest" name="removeProduct" time="0.003"/>
  <testcase classname="com.DomsEpson.ProductTest.MensProductTest" name="updateProduct" time="0.003"/>
</testsuite> <!-- ChromeTest -->
