<?xml version="1.0" encoding="UTF-8"?>
<!-- Generated by org.testng.reporters.JUnitXMLReporter -->
<testsuite ignored="0" hostname="NagarajuSalla" failures="0" tests="2" name="ChromeTest" time="3.685" errors="0" timestamp="2024-11-09T09:04:51 IST">
  <testcase classname="com.DomsEpson.GenericLibrary.BaseTest" name="@BeforeClass browserSetup" time="3.557">
    <failure type="java.lang.NullPointerException" message="Cannot invoke &amp;quot;org.openqa.selenium.WebDriver.manage()&amp;quot; because &amp;quot;this.driver&amp;quot; is null">
      <![CDATA[java.lang.NullPointerException: Cannot invoke "org.openqa.selenium.WebDriver.manage()" because "this.driver" is null
at com.DomsEpson.WebDriverLibrary.WebDriverUtility.maximizeTheBroser(WebDriverUtility.java:78)
at com.DomsEpson.GenericLibrary.BaseTest.browserSetup(BaseTest.java:82)
at java.base/java.util.ArrayList.forEach(ArrayList.java:1597)
... Removed 23 stack frames]]>
    </failure>
  </testcase> <!-- @BeforeClass browserSetup -->
  <testcase classname="com.DomsEpson.GenericLibrary.BaseTest" name="@AfterClass terminatebrowser" time="-1.731123291532E9">
    <skipped/>
  </testcase> <!-- @AfterClass terminatebrowser -->
  <testcase classname="com.DomsEpson.WelcomeTest.VerifyWelcomePageTest" name="verifyWelcomepageWithValidInput" time="0.0">
    <skipped/>
  </testcase> <!-- verifyWelcomepageWithValidInput -->
  <testcase classname="com.DomsEpson.WelcomeTest.VerifyWelcomePageTest" name="VerifyWelcomepageWithInvalidInput" time="0.0">
    <skipped/>
  </testcase> <!-- VerifyWelcomepageWithInvalidInput -->
</testsuite> <!-- ChromeTest -->
